    1 00:0000 -  -  -  -  #include "includes\ti84pce.inc"
Listing for file "C:\Users\gce81\Documents\gitProjects\TI84-Programs\graphicsExperiment\includes\ti84pce.inc"
    1 00:0000 -  -  -  -  ;TI-84 Plus CE Include File
    2 00:0000 -  -  -  -  
    3 00:0000 -  -  -  -  ;Various Parts Contributed by
    4 00:0000 -  -  -  -  ;- BrandonW
    5 00:0000 -  -  -  -  ;- calc84
    6 00:0000 -  -  -  -  ;- Kerm Martian
    7 00:0000 -  -  -  -  ;- MateoConLechuga
    8 00:0000 -  -  -  -  ;- Runer112
    9 00:0000 -  -  -  -  ;- tr1p1ea
   10 00:0000 -  -  -  -  ;- Texas Instruments (ti83plus.inc)
Listing for file "graphics.asm"
    2 00:0000 -  -  -  -  
    3 00:0000 -  -  -  -  .assume ADL=1
    4 00:0000 -  -  -  -  .org userMem-2
    5 D1:A87F EF 7B -  -  .db tExtTok,tAsm84CeCmp
    6 D1:A881 -  -  -  -  
    7 D1:A881 CD 10 08 02  call _ClrScrnFull
    8 D1:A885 -  -  -  -   
    9 D1:A885 -  -  -  -   
   10 D1:A885 21 00 00 D4  ld hl,vRam
   11 D1:A889 36 00 -  -   ld (hl),%00000000
   12 D1:A88B 23 -  -  -   inc hl
   13 D1:A88C 36 F8 -  -   ld (hl),%11111000
   14 D1:A88E -  -  -  -   
   15 D1:A88E CD 8C 0D 02  call _GetKey
   16 D1:A892 -  -  -  -   
   17 D1:A892 C9 -  -  -   ret
   18 D1:A893 -  -  -  -   
