    1 00:0000 -  -  -  -  #include "includes\ti84pce.inc"
Listing for file "C:\Users\gce81\Documents\EZ80\helloWorld\includes\ti84pce.inc"
    1 00:0000 -  -  -  -  ;TI-84 Plus CE Include File
    2 00:0000 -  -  -  -  
    3 00:0000 -  -  -  -  ;Various Parts Contributed by
    4 00:0000 -  -  -  -  ;- BrandonW
    5 00:0000 -  -  -  -  ;- calc84
    6 00:0000 -  -  -  -  ;- Kerm Martian
    7 00:0000 -  -  -  -  ;- MateoConLechuga
    8 00:0000 -  -  -  -  ;- Runer112
    9 00:0000 -  -  -  -  ;- tr1p1ea
   10 00:0000 -  -  -  -  ;- Texas Instruments (ti83plus.inc)
Listing for file "helloWorld.asm"
    2 00:0000 -  -  -  -  
    3 00:0000 -  -  -  -  .assume ADL=1
    4 00:0000 -  -  -  -  .org userMem-2
    5 D1:A87F EF 7B -  -  .db tExtTok,tAsm84CeCmp
    6 D1:A881 -  -  -  -  
    7 D1:A881 CD 28 08 02  call _homeup
    8 D1:A885 CD 10 08 02  call _ClrScrnFull
    9 D1:A889 3E 48 -  -   ld a, 72
   10 D1:A88B CD B8 07 02  call _PutC
   11 D1:A88F CD F0 07 02  call _NewLine
   12 D1:A893 C9 -  -  -   ret
   13 D1:A894 -  -  -  -  	
